<?xml version="1.0" encoding="UTF-8"?>
<!-- Generated by org.testng.reporters.JUnitXMLReporter -->
<testsuite hostname="LAPTOP-D2OKB3QK" ignored="0" tests="5" failures="0" timestamp="07 五月 2020 13:27:31 GMT" time="1.821" errors="0">
  <testcase name="getPhonenumLocation" time="1.079" classname="TaobaoGetResourceOfPhoneNoTest"/>
  <testcase name="getPhonenumLocation" time="0.092" classname="TaobaoGetResourceOfPhoneNoTest"/>
  <testcase name="getPhonenumLocation" time="0.119" classname="TaobaoGetResourceOfPhoneNoTest"/>
  <testcase name="arrayTest" time="0.009" classname="TaobaoGetResourceOfPhoneNoTest"/>
  <testcase name="arrayTest" time="0.011" classname="TaobaoGetResourceOfPhoneNoTest"/>
</testsuite>
