<?xml version="1.0" encoding="UTF-8"?>
<!-- Generated by org.testng.reporters.JUnitXMLReporter -->
<testsuite hostname="LAPTOP-D2OKB3QK" ignored="2" tests="0" failures="0" timestamp="05 五月 2020 08:55:53 GMT" time="0.003" errors="0">
  <testcase name="getPhonenumLocation" time="0.0" classname="TaobaoGetResourceOfPhoneNoTest">
    <ignored/>
  </testcase> <!-- getPhonenumLocation -->
  <testcase name="arrayTest" time="0.0" classname="TaobaoGetResourceOfPhoneNoTest">
    <ignored/>
  </testcase> <!-- arrayTest -->
</testsuite>
