<?xml version="1.0" encoding="UTF-8"?>
<!-- Generated by org.testng.reporters.JUnitXMLReporter -->
<testsuite hostname="LAPTOP-D2OKB3QK" ignored="0" tests="5" failures="0" timestamp="07 五月 2020 13:17:58 GMT" time="1.701" errors="0">
  <testcase name="getPhonenumLocation" time="0.922" classname="TaobaoGetResourceOfPhoneNoTest"/>
  <testcase name="getPhonenumLocation" time="0.101" classname="TaobaoGetResourceOfPhoneNoTest"/>
  <testcase name="getPhonenumLocation" time="0.095" classname="TaobaoGetResourceOfPhoneNoTest"/>
  <testcase name="arrayTest" time="0.001" classname="TaobaoGetResourceOfPhoneNoTest"/>
  <testcase name="arrayTest" time="0.0" classname="TaobaoGetResourceOfPhoneNoTest"/>
</testsuite>
