<?xml version="1.0" encoding="UTF-8"?>
<testng-results skipped="0" failed="0" ignored="0" total="5" passed="5">
  <reporter-output>
  </reporter-output>
  <suite name="TaobaoGetResourceOfPhoneNoTest" duration-ms="3410" started-at="2020-05-19T11:31:41Z" finished-at="2020-05-19T11:31:45Z">
    <groups>
    </groups>
    <test name="Command line test" duration-ms="3410" started-at="2020-05-19T11:31:41Z" finished-at="2020-05-19T11:31:45Z">
      <class name="TaobaoGetResourceOfPhoneNoTest">
        <test-method status="PASS" signature="arrayTest(int, int, int)[pri:0, instance:TaobaoGetResourceOfPhoneNoTest@17c68925]" name="arrayTest" duration-ms="10" started-at="2020-05-19T19:31:41Z" data-provider="dataProvideTest1" finished-at="2020-05-19T19:31:41Z">
          <params>
            <param index="0">
              <value>
                <![CDATA[1]]>
              </value>
            </param>
            <param index="1">
              <value>
                <![CDATA[2]]>
              </value>
            </param>
            <param index="2">
              <value>
                <![CDATA[3]]>
              </value>
            </param>
          </params>
          <reporter-output>
          </reporter-output>
        </test-method> <!-- arrayTest -->
        <test-method status="PASS" signature="arrayTest(int, int, int)[pri:0, instance:TaobaoGetResourceOfPhoneNoTest@17c68925]" name="arrayTest" duration-ms="0" started-at="2020-05-19T19:31:41Z" data-provider="dataProvideTest1" finished-at="2020-05-19T19:31:41Z">
          <params>
            <param index="0">
              <value>
                <![CDATA[4]]>
              </value>
            </param>
            <param index="1">
              <value>
                <![CDATA[5]]>
              </value>
            </param>
            <param index="2">
              <value>
                <![CDATA[6]]>
              </value>
            </param>
          </params>
          <reporter-output>
          </reporter-output>
        </test-method> <!-- arrayTest -->
        <test-method status="PASS" signature="getPhonenumLocation(java.lang.String, java.lang.String)[pri:0, instance:TaobaoGetResourceOfPhoneNoTest@17c68925]" name="getPhonenumLocation" duration-ms="1917" started-at="2020-05-19T19:31:42Z" data-provider="providerCaseData" finished-at="2020-05-19T19:31:44Z">
          <params>
            <param index="0">
              <value>
                <![CDATA[18500232857]]>
              </value>
            </param>
            <param index="1">
              <value>
                <![CDATA[北京联通]]>
              </value>
            </param>
          </params>
          <reporter-output>
          </reporter-output>
        </test-method> <!-- getPhonenumLocation -->
        <test-method status="PASS" signature="getPhonenumLocation(java.lang.String, java.lang.String)[pri:0, instance:TaobaoGetResourceOfPhoneNoTest@17c68925]" name="getPhonenumLocation" duration-ms="91" started-at="2020-05-19T19:31:44Z" data-provider="providerCaseData" finished-at="2020-05-19T19:31:44Z">
          <params>
            <param index="0">
              <value>
                <![CDATA[13439131837]]>
              </value>
            </param>
            <param index="1">
              <value>
                <![CDATA[北京移动]]>
              </value>
            </param>
          </params>
          <reporter-output>
          </reporter-output>
        </test-method> <!-- getPhonenumLocation -->
        <test-method status="PASS" signature="getPhonenumLocation(java.lang.String, java.lang.String)[pri:0, instance:TaobaoGetResourceOfPhoneNoTest@17c68925]" name="getPhonenumLocation" duration-ms="89" started-at="2020-05-19T19:31:44Z" data-provider="providerCaseData" finished-at="2020-05-19T19:31:45Z">
          <params>
            <param index="0">
              <value>
                <![CDATA[18693715707]]>
              </value>
            </param>
            <param index="1">
              <value>
                <![CDATA[甘肃联通]]>
              </value>
            </param>
          </params>
          <reporter-output>
          </reporter-output>
        </test-method> <!-- getPhonenumLocation -->
      </class> <!-- TaobaoGetResourceOfPhoneNoTest -->
    </test> <!-- Command line test -->
  </suite> <!-- TaobaoGetResourceOfPhoneNoTest -->
</testng-results>
