<?xml version="1.0" encoding="UTF-8"?>
<!-- Generated by org.testng.reporters.JUnitXMLReporter -->
<testsuite hostname="LAPTOP-D2OKB3QK" ignored="0" tests="5" failures="0" timestamp="19 五月 2020 11:31:45 GMT" time="3.41" errors="0">
  <testcase name="arrayTest" time="0.01" classname="TaobaoGetResourceOfPhoneNoTest"/>
  <testcase name="arrayTest" time="0.0" classname="TaobaoGetResourceOfPhoneNoTest"/>
  <testcase name="getPhonenumLocation" time="1.917" classname="TaobaoGetResourceOfPhoneNoTest"/>
  <testcase name="getPhonenumLocation" time="0.091" classname="TaobaoGetResourceOfPhoneNoTest"/>
  <testcase name="getPhonenumLocation" time="0.089" classname="TaobaoGetResourceOfPhoneNoTest"/>
</testsuite>
