<?xml version="1.0" encoding="UTF-8"?>
<testng-results skipped="0" failed="0" ignored="0" total="5" passed="5">
  <reporter-output>
  </reporter-output>
  <suite name="All Test Suite" duration-ms="1701" started-at="2020-05-07T13:17:56Z" finished-at="2020-05-07T13:17:58Z">
    <groups>
    </groups>
    <test name="test1" duration-ms="1701" started-at="2020-05-07T13:17:56Z" finished-at="2020-05-07T13:17:58Z">
      <class name="TaobaoGetResourceOfPhoneNoTest">
        <test-method status="PASS" signature="getPhonenumLocation(java.lang.String, java.lang.String)[pri:0, instance:TaobaoGetResourceOfPhoneNoTest@7907ec20]" name="getPhonenumLocation" duration-ms="922" started-at="2020-05-07T21:17:57Z" data-provider="providerCaseData" finished-at="2020-05-07T21:17:58Z">
          <params>
            <param index="0">
              <value>
                <![CDATA[18500232857]]>
              </value>
            </param>
            <param index="1">
              <value>
                <![CDATA[北京联通]]>
              </value>
            </param>
          </params>
          <reporter-output>
          </reporter-output>
        </test-method> <!-- getPhonenumLocation -->
        <test-method status="PASS" signature="getPhonenumLocation(java.lang.String, java.lang.String)[pri:0, instance:TaobaoGetResourceOfPhoneNoTest@7907ec20]" name="getPhonenumLocation" duration-ms="101" started-at="2020-05-07T21:17:58Z" data-provider="providerCaseData" finished-at="2020-05-07T21:17:58Z">
          <params>
            <param index="0">
              <value>
                <![CDATA[13439131837]]>
              </value>
            </param>
            <param index="1">
              <value>
                <![CDATA[北京移动]]>
              </value>
            </param>
          </params>
          <reporter-output>
          </reporter-output>
        </test-method> <!-- getPhonenumLocation -->
        <test-method status="PASS" signature="getPhonenumLocation(java.lang.String, java.lang.String)[pri:0, instance:TaobaoGetResourceOfPhoneNoTest@7907ec20]" name="getPhonenumLocation" duration-ms="95" started-at="2020-05-07T21:17:58Z" data-provider="providerCaseData" finished-at="2020-05-07T21:17:58Z">
          <params>
            <param index="0">
              <value>
                <![CDATA[18693715707]]>
              </value>
            </param>
            <param index="1">
              <value>
                <![CDATA[甘肃联通]]>
              </value>
            </param>
          </params>
          <reporter-output>
          </reporter-output>
        </test-method> <!-- getPhonenumLocation -->
        <test-method status="PASS" signature="arrayTest(int, int, int)[pri:0, instance:TaobaoGetResourceOfPhoneNoTest@7907ec20]" name="arrayTest" duration-ms="1" started-at="2020-05-07T21:17:58Z" data-provider="dataProvideTest1" finished-at="2020-05-07T21:17:58Z">
          <params>
            <param index="0">
              <value>
                <![CDATA[1]]>
              </value>
            </param>
            <param index="1">
              <value>
                <![CDATA[2]]>
              </value>
            </param>
            <param index="2">
              <value>
                <![CDATA[3]]>
              </value>
            </param>
          </params>
          <reporter-output>
          </reporter-output>
        </test-method> <!-- arrayTest -->
        <test-method status="PASS" signature="arrayTest(int, int, int)[pri:0, instance:TaobaoGetResourceOfPhoneNoTest@7907ec20]" name="arrayTest" duration-ms="0" started-at="2020-05-07T21:17:58Z" data-provider="dataProvideTest1" finished-at="2020-05-07T21:17:58Z">
          <params>
            <param index="0">
              <value>
                <![CDATA[4]]>
              </value>
            </param>
            <param index="1">
              <value>
                <![CDATA[5]]>
              </value>
            </param>
            <param index="2">
              <value>
                <![CDATA[6]]>
              </value>
            </param>
          </params>
          <reporter-output>
          </reporter-output>
        </test-method> <!-- arrayTest -->
      </class> <!-- TaobaoGetResourceOfPhoneNoTest -->
    </test> <!-- test1 -->
  </suite> <!-- All Test Suite -->
</testng-results>
